2026-01-19 11:28:29,597 - WARNING - 未能从 Notion 页面提取到官方域名
2026-01-19 11:28:29,598 - WARNING - 无法获取新域名
2026-01-19 11:31:41,133 - INFO - 从 URL 标题提取到域名: www.firgrouxywebb.com
2026-01-19 11:31:41,133 - INFO - 检测到链接变化:
2026-01-19 11:31:41,133 - INFO -   当前: https://www.growthweb.systems/join/88596413
2026-01-19 11:31:41,133 - INFO -   新的: https://www.firgrouxywebb.com/join/88596413
2026-01-19 11:31:41,134 - INFO - page.tsx 已更新
2026-01-19 11:31:41,134 - INFO -   旧链接: https://www.growthweb.systems/join/88596413
2026-01-19 11:31:41,134 - INFO -   新链接: https://www.firgrouxywebb.com/join/88596413
2026-01-19 11:31:41,135 - INFO - 配置文件已更新
2026-01-19 11:31:41,171 - INFO - git commit 成功: chore: 自动更新注册链接为 https://www.firgrouxywebb.com/join/88596413
2026-01-19 11:31:45,459 - INFO - git push 成功，部署将自动触发
2026-01-19 11:31:45,459 - INFO - 链接更新完成!
2026-01-19 11:45:11,373 - INFO - Cloudflare 更新器已初始化
2026-01-19 11:45:18,032 - ERROR - API 请求失败: 400 Client Error: Bad Request for url: https://api.cloudflare.com/client/v4/zones/4c614822b87435f9f4f2cf4cc2688a5c/rulesets
2026-01-19 11:45:18,032 - ERROR - 更新/创建重定向规则失败: 400 Client Error: Bad Request for url: https://api.cloudflare.com/client/v4/zones/4c614822b87435f9f4f2cf4cc2688a5c/rulesets
2026-01-19 11:45:18,033 - ERROR - 更新 Cloudflare 失败: 400 Client Error: Bad Request for url: https://api.cloudflare.com/client/v4/zones/4c614822b87435f9f4f2cf4cc2688a5c/rulesets
2026-01-19 11:47:48,073 - INFO - Cloudflare 更新器已初始化
2026-01-19 11:47:53,858 - INFO - Cloudflare 重定向已更新: https://www.firgrouxywebb.com/join/88596413
2026-01-19 11:54:12,730 - INFO - Cloudflare 更新器已初始化
2026-01-19 11:54:17,758 - INFO - ==================================================
2026-01-19 11:54:17,759 - INFO - Cloudflare 301 重定向规则更新成功
2026-01-19 11:54:17,759 - INFO - --------------------------------------------------
2026-01-19 11:54:17,759 - INFO - Rule name: okx
2026-01-19 11:54:17,759 - INFO - From: https://onefly.top/posts/8888.html
2026-01-19 11:54:17,759 - INFO - To:   https://www.firgrouxywebb.com/join/88596413
2026-01-19 11:54:17,759 - INFO - Status: 301 Permanent Redirect
2026-01-19 11:54:17,760 - INFO - ==================================================
